[debug] [2021-02-10T18:33:02.988Z] ----------------------------------------------------------------------
[debug] [2021-02-10T18:33:02.992Z] Command:       C:\Program Files\nodejs\node.exe C:\Program Files\nodejs\node_modules\firebase-tools\lib\bin\firebase.js init
[debug] [2021-02-10T18:33:02.993Z] CLI Version:   9.2.2
[debug] [2021-02-10T18:33:02.993Z] Platform:      win32
[debug] [2021-02-10T18:33:02.993Z] Node Version:  v12.18.2
[debug] [2021-02-10T18:33:02.995Z] Time:          Wed Feb 10 2021 10:33:02 GMT-0800 (Pacific Standard Time)
[debug] [2021-02-10T18:33:02.995Z] ----------------------------------------------------------------------
[debug] [2021-02-10T18:33:02.995Z] 
[debug] [2021-02-10T18:33:03.004Z] > command requires scopes: ["email","openid","https://www.googleapis.com/auth/cloudplatformprojects.readonly","https://www.googleapis.com/auth/firebase","https://www.googleapis.com/auth/cloud-platform"]
[debug] [2021-02-10T18:33:03.008Z] > authorizing via signed-in user
[info] 
     ######## #### ########  ######## ########     ###     ######  ########
     ##        ##  ##     ## ##       ##     ##  ##   ##  ##       ##
     ######    ##  ########  ######   ########  #########  ######  ######
     ##        ##  ##    ##  ##       ##     ## ##     ##       ## ##
     ##       #### ##     ## ######## ########  ##     ##  ######  ########

You're about to initialize a Firebase project in this directory:

  C:\Users\Hui\desktop\myProjs\tetris

Before we get started, keep in mind:

  * You are initializing in an existing Firebase project directory

[info] 
=== Project Setup
[info] 
[info] First, let's associate this project directory with a Firebase project.
[info] You can create multiple project aliases by running firebase use --add, 
[info] but for now we'll just set up a default project.
[info] 
[info] i  .firebaserc already has a default project, using xuhui-tetris. 
[debug] [2021-02-10T18:33:13.050Z] > refreshing access token with scopes: []
[debug] [2021-02-10T18:33:13.050Z] >>> HTTP REQUEST POST https://www.googleapis.com/oauth2/v3/token  
 <request body omitted>
[debug] [2021-02-10T18:33:13.265Z] <<< HTTP RESPONSE 200 {"date":"Wed, 10 Feb 2021 18:33:13 GMT","pragma":"no-cache","expires":"Mon, 01 Jan 1990 00:00:00 GMT","cache-control":"no-cache, no-store, max-age=0, must-revalidate","content-type":"application/json; charset=utf-8","vary":"X-Origin, Referer, Origin,Accept-Encoding","server":"scaffolding on HTTPServer2","x-xss-protection":"0","x-frame-options":"SAMEORIGIN","x-content-type-options":"nosniff","alt-svc":"h3-29=\":443\"; ma=2592000,h3-T051=\":443\"; ma=2592000,h3-Q050=\":443\"; ma=2592000,h3-Q046=\":443\"; ma=2592000,h3-Q043=\":443\"; ma=2592000,quic=\":443\"; ma=2592000; v=\"46,43\"","accept-ranges":"none","transfer-encoding":"chunked"}
[debug] [2021-02-10T18:33:13.275Z] >>> [apiv2][query] GET https://firebase.googleapis.com/v1beta1/projects/xuhui-tetris [none]
[debug] [2021-02-10T18:33:13.493Z] <<< [apiv2][status] GET https://firebase.googleapis.com/v1beta1/projects/xuhui-tetris 200
[debug] [2021-02-10T18:33:13.493Z] <<< [apiv2][body] GET https://firebase.googleapis.com/v1beta1/projects/xuhui-tetris {"projectId":"xuhui-tetris","projectNumber":"290335841924","displayName":"xuhui-tetris","name":"projects/xuhui-tetris","resources":{"hostingSite":"xuhui-tetris"},"state":"ACTIVE"}
[info] 
=== Hosting Setup
[info] 
[info] Your public directory is the folder (relative to your project directory) that
[info] will contain Hosting assets to be uploaded with firebase deploy. If you
[info] have a build process for your assets, use your build's output directory.
[info] 
